[2024.12.05 16:32:32 243 ms]:[INFO]:[PSAG_LOGGER]: start thread success.
[2024.12.05 16:32:32 244 ms]:[INFO]:[PSAG_LOGGER]: create log_file: PSAGameNodesResource/SystemLog/1837291928668.log
[2024.12.05 16:32:32 516 ms]:[INFO]:[SystemRenderer]: nodes_system renderer(context) init.
[2024.12.05 16:32:32 517 ms]:[INFO]:[EditorSystem]: set nodes system folder: PSAGameNodesResource/SystemNodes/
[2024.12.05 16:32:32 517 ms]:[INFO]:[EditorSystem]: system read file: PSAGameNodesResource/SystemNodes/nodes_editor_config.json
[2024.12.05 16:32:32 517 ms]:[INFO]:[EditorSystem]: read editor system files: 0 folder: PSAGameNodesResource/SystemSave/
[2024.12.05 16:32:32 517 ms]:[INFO]:[EditorSystem]: system read file: PSAGameNodesResource/SystemNodes/types_point_conifg.json
[2024.12.05 16:32:32 518 ms]:[INFO]:[EditorSystem]: system points type_alloc k: Int32 v: 2
[2024.12.05 16:32:32 518 ms]:[INFO]:[EditorSystem]: system points type_alloc k: uInt32 v: 3
[2024.12.05 16:32:32 518 ms]:[INFO]:[EditorSystem]: system points type_alloc k: Int64 v: 4
[2024.12.05 16:32:32 518 ms]:[INFO]:[EditorSystem]: system points type_alloc k: uInt64 v: 5
[2024.12.05 16:32:32 518 ms]:[INFO]:[EditorSystem]: system points type_alloc k: Float v: 6
[2024.12.05 16:32:32 518 ms]:[INFO]:[EditorSystem]: system points type_alloc k: Double v: 7
[2024.12.05 16:32:32 518 ms]:[INFO]:[EditorSystem]: system points type_alloc k: Byte v: 8
[2024.12.05 16:32:32 518 ms]:[INFO]:[EditorSystem]: system read file: PSAGameNodesResource/SystemNodes/types_node_conifg.json
[2024.12.05 16:32:32 518 ms]:[INFO]:[EditorSystem]: system nodes type_alloc k: TestNodeA v: 2
[2024.12.05 16:32:32 518 ms]:[INFO]:[EditorSystem]: system nodes type_alloc k: TestNodeB v: 3
[2024.12.05 16:32:32 519 ms]:[INFO]:[EditorSystem]: system nodes type_alloc k: TestNodeC v: 4
[2024.12.05 16:32:32 519 ms]:[INFO]:[EditorSystem]: system nodes type_alloc k: TestNodeD v: 5
[2024.12.05 16:32:32 519 ms]:[INFO]:[EditorSystem]: system nodes type_alloc k: TestNodeE v: 6
[2024.12.05 16:32:32 519 ms]:[INFO]:[EditorSystem]: system nodes type_alloc k: TestNodeF v: 7
[2024.12.05 16:32:32 519 ms]:[INFO]:[EditorSystem]: system nodes type_alloc k: NodeInput v: 8
[2024.12.05 16:32:32 519 ms]:[INFO]:[EditorSystem]: system nodes type_alloc k: NodeOutput v: 9
[2024.12.05 16:32:32 519 ms]:[INFO]:[EditorSystem]: system read file: PSAGameNodesResource/SystemNodes/nodes_attribute_config.json
[2024.12.05 16:32:32 519 ms]:[INFO]:[EditorSystem]: add node template config, params name: TestNodeA
[2024.12.05 16:32:32 519 ms]:[INFO]:[EditorSystem]: add node template config, params name: TestNodeB
[2024.12.05 16:32:32 520 ms]:[INFO]:[EditorSystem]: add node template config, params name: TestNodeC
[2024.12.05 16:32:32 520 ms]:[INFO]:[EditorSystem]: add node template config, params name: TestNodeD
[2024.12.05 16:32:32 520 ms]:[INFO]:[EditorSystem]: add node template config, params name: TestNodeE
[2024.12.05 16:32:32 520 ms]:[INFO]:[EditorSystem]: add node template config, params name: TestNodeF
[2024.12.05 16:32:32 520 ms]:[INFO]:[EditorSystem]: add node template config, params name: NodeInput
[2024.12.05 16:32:32 520 ms]:[INFO]:[EditorSystem]: add node template config, params name: NodeOutput
[2024.12.05 16:32:32 520 ms]:[INFO]:[EditorSystem]: nodes editor system init.
[2024.12.05 16:32:32 521 ms]:[INFO]:[SystemRenderer]: run_event object init.
[2024.12.05 16:32:32 521 ms]:[INFO]:[SystemRenderer]: nodes_system start render_loop.
[2024.12.05 16:32:53 676 ms]:[INFO]:[SystemRenderer]: nodes_system renderer(context) free.
