[2024.12.05 17:07:48 494 ms]:[INFO]:[PSAG_LOGGER]: start thread success.
[2024.12.05 17:07:48 495 ms]:[INFO]:[PSAG_LOGGER]: create log_file: PSAGameNodesResource/SystemLog/1839408179286.log
[2024.12.05 17:07:48 754 ms]:[INFO]:[SystemRenderer]: nodes_system renderer(context) init.
[2024.12.05 17:07:48 754 ms]:[INFO]:[EditorSystem]: set nodes system folder: PSAGameNodesResource/SystemNodes/
[2024.12.05 17:07:48 754 ms]:[INFO]:[EditorSystem]: system read file: PSAGameNodesResource/SystemNodes/nodes_editor_config.json
[2024.12.05 17:07:48 754 ms]:[INFO]:[EditorSystem]: read editor system files: 0 folder: PSAGameNodesResource/SystemSave/
[2024.12.05 17:07:48 755 ms]:[INFO]:[EditorSystem]: system read file: PSAGameNodesResource/SystemNodes/types_point_conifg.json
[2024.12.05 17:07:48 755 ms]:[INFO]:[EditorSystem]: system points type_alloc k: Int32 v: 2
[2024.12.05 17:07:48 755 ms]:[INFO]:[EditorSystem]: system points type_alloc k: uInt32 v: 3
[2024.12.05 17:07:48 755 ms]:[INFO]:[EditorSystem]: system points type_alloc k: Int64 v: 4
[2024.12.05 17:07:48 755 ms]:[INFO]:[EditorSystem]: system points type_alloc k: uInt64 v: 5
[2024.12.05 17:07:48 755 ms]:[INFO]:[EditorSystem]: system points type_alloc k: Float v: 6
[2024.12.05 17:07:48 756 ms]:[INFO]:[EditorSystem]: system points type_alloc k: Double v: 7
[2024.12.05 17:07:48 756 ms]:[INFO]:[EditorSystem]: system points type_alloc k: Byte v: 8
[2024.12.05 17:07:48 756 ms]:[INFO]:[EditorSystem]: system read file: PSAGameNodesResource/SystemNodes/types_node_conifg.json
[2024.12.05 17:07:48 756 ms]:[INFO]:[EditorSystem]: system nodes type_alloc k: TestNodeA v: 2
[2024.12.05 17:07:48 756 ms]:[INFO]:[EditorSystem]: system nodes type_alloc k: TestNodeB v: 3
[2024.12.05 17:07:48 757 ms]:[INFO]:[EditorSystem]: system nodes type_alloc k: TestNodeC v: 4
[2024.12.05 17:07:48 757 ms]:[INFO]:[EditorSystem]: system nodes type_alloc k: TestNodeD v: 5
[2024.12.05 17:07:48 757 ms]:[INFO]:[EditorSystem]: system nodes type_alloc k: TestNodeE v: 6
[2024.12.05 17:07:48 757 ms]:[INFO]:[EditorSystem]: system nodes type_alloc k: TestNodeF v: 7
[2024.12.05 17:07:48 757 ms]:[INFO]:[EditorSystem]: system nodes type_alloc k: NodeInput v: 8
[2024.12.05 17:07:48 757 ms]:[INFO]:[EditorSystem]: system nodes type_alloc k: NodeOutput v: 9
[2024.12.05 17:07:48 757 ms]:[INFO]:[EditorSystem]: system read file: PSAGameNodesResource/SystemNodes/nodes_attribute_config.json
[2024.12.05 17:07:48 758 ms]:[INFO]:[EditorSystem]: add node template config, params name: TestNodeA
[2024.12.05 17:07:48 758 ms]:[INFO]:[EditorSystem]: add node template config, params name: TestNodeB
[2024.12.05 17:07:48 758 ms]:[INFO]:[EditorSystem]: add node template config, params name: TestNodeC
[2024.12.05 17:07:48 758 ms]:[INFO]:[EditorSystem]: add node template config, params name: TestNodeD
[2024.12.05 17:07:48 758 ms]:[INFO]:[EditorSystem]: add node template config, params name: TestNodeE
[2024.12.05 17:07:48 758 ms]:[INFO]:[EditorSystem]: add node template config, params name: TestNodeF
[2024.12.05 17:07:48 758 ms]:[INFO]:[EditorSystem]: add node template config, params name: NodeInput
[2024.12.05 17:07:48 758 ms]:[INFO]:[EditorSystem]: add node template config, params name: NodeOutput
[2024.12.05 17:07:48 759 ms]:[INFO]:[EditorSystem]: nodes editor system init.
[2024.12.05 17:07:48 759 ms]:[INFO]:[SystemRenderer]: run_event object init.
[2024.12.05 17:07:48 759 ms]:[INFO]:[SystemRenderer]: nodes_system start render_loop.
[2024.12.05 17:08:26 267 ms]:[INFO]:[EditorSystem]: create node entity name: NodeComponents A id: 2
[2024.12.05 17:08:30 074 ms]:[INFO]:[EditorSystem]: create node entity name: NodeComponents C id: 9
[2024.12.05 17:08:33 092 ms]:[INFO]:[EditorSystem]: create connect line id: 14
[2024.12.05 17:08:35 122 ms]:[INFO]:[EditorSystem]: create node entity name: NodeComponents D id: 15
[2024.12.05 17:08:37 226 ms]:[INFO]:[EditorSystem]: create node entity name: NodeComponents A id: 20
[2024.12.05 17:08:39 479 ms]:[INFO]:[EditorSystem]: create node entity name: NodeComponents B id: 27
[2024.12.05 17:08:42 013 ms]:[INFO]:[EditorSystem]: create connect line id: 34
[2024.12.05 17:08:44 973 ms]:[INFO]:[EditorSystem]: create connect line id: 35
[2024.12.05 17:08:47 201 ms]:[INFO]:[EditorSystem]: create connect line id: 36
[2024.12.05 17:08:49 170 ms]:[INFO]:[EditorSystem]: create connect line id: 37
[2024.12.05 17:08:55 353 ms]:[INFO]:[EditorSystem]: create node entity name: NodeComponents I id: 38
[2024.12.05 17:09:02 765 ms]:[INFO]:[EditorSystem]: create connect line id: 40
[2024.12.05 17:09:24 705 ms]:[INFO]:[EditorSystem]: delete connect line id: 36
[2024.12.05 17:09:24 705 ms]:[INFO]:[EditorSystem]: delete connect line id: 14
[2024.12.05 17:09:24 706 ms]:[INFO]:[EditorSystem]: delete connect line id: 35
[2024.12.05 17:09:24 706 ms]:[INFO]:[EditorSystem]: delete node entity name: NodeComponents C id: 9
[2024.12.05 17:09:25 576 ms]:[INFO]:[EditorSystem]: delete connect line id: 34
[2024.12.05 17:09:25 577 ms]:[INFO]:[EditorSystem]: delete node entity name: NodeComponents D id: 15
[2024.12.05 17:09:26 372 ms]:[INFO]:[EditorSystem]: delete connect line id: 40
[2024.12.05 17:09:26 372 ms]:[INFO]:[EditorSystem]: delete node entity name: NodeComponents B id: 27
[2024.12.05 17:09:27 208 ms]:[INFO]:[EditorSystem]: delete node entity name: NodeComponents I id: 38
[2024.12.05 17:09:28 105 ms]:[INFO]:[EditorSystem]: delete connect line id: 37
[2024.12.05 17:09:28 105 ms]:[INFO]:[EditorSystem]: delete node entity name: NodeComponents A id: 2
[2024.12.05 17:09:29 123 ms]:[INFO]:[EditorSystem]: delete node entity name: NodeComponents A id: 20
[2024.12.05 17:09:30 026 ms]:[INFO]:[EditorSystem]: create node entity name: NodeComponents I id: 41
[2024.12.05 17:09:32 341 ms]:[INFO]:[EditorSystem]: create node entity name: NodeComponents A id: 43
[2024.12.05 17:09:34 698 ms]:[INFO]:[EditorSystem]: create node entity name: NodeComponents B id: 50
[2024.12.05 17:09:37 541 ms]:[INFO]:[EditorSystem]: create connect line id: 57
[2024.12.05 17:09:38 716 ms]:[INFO]:[EditorSystem]: create node entity name: NodeComponents I id: 58
[2024.12.05 17:09:40 923 ms]:[INFO]:[EditorSystem]: create node entity name: NodeComponents I id: 60
[2024.12.05 17:09:45 571 ms]:[INFO]:[EditorSystem]: create connect line id: 62
[2024.12.05 17:09:46 729 ms]:[INFO]:[EditorSystem]: create node entity name: NodeComponents B id: 63
[2024.12.05 17:09:50 695 ms]:[INFO]:[EditorSystem]: create connect line id: 70
[2024.12.05 17:09:52 724 ms]:[INFO]:[EditorSystem]: create connect line id: 71
[2024.12.05 17:10:00 427 ms]:[INFO]:[EditorSystem]: create connect line id: 72
[2024.12.05 17:10:01 976 ms]:[INFO]:[EditorSystem]: create connect line id: 73
[2024.12.05 17:10:06 468 ms]:[INFO]:[EditorSystem]: create node entity name: NodeComponents E id: 74
[2024.12.05 17:10:10 759 ms]:[INFO]:[EditorSystem]: create connect line id: 80
[2024.12.05 17:10:16 637 ms]:[INFO]:[EditorSystem]: create node entity name: NodeComponents E id: 81
[2024.12.05 17:10:23 305 ms]:[INFO]:[EditorSystem]: create connect line id: 87
[2024.12.05 17:10:30 293 ms]:[INFO]:[EditorSystem]: create node entity name: NodeComponents F id: 88
[2024.12.05 17:10:34 276 ms]:[INFO]:[EditorSystem]: create connect line id: 93
[2024.12.05 17:10:44 311 ms]:[INFO]:[EditorSystem]: create connect line id: 94
[2024.12.05 17:11:17 994 ms]:[INFO]:[EditorSystem]: create node entity name: NodeComponents O id: 95
[2024.12.05 17:11:20 983 ms]:[INFO]:[EditorSystem]: create connect line id: 98
[2024.12.05 17:11:24 410 ms]:[INFO]:[EditorSystem]: create connect line id: 99
[2024.12.05 17:11:25 733 ms]:[INFO]:[EditorSystem]: delete connect line id: 87
[2024.12.05 17:11:25 734 ms]:[INFO]:[EditorSystem]: delete node entity name: NodeComponents E id: 81
[2024.12.05 17:11:59 475 ms]:[INFO]:[EditorSystem]: create node entity name: NodeComponents E id: 100
[2024.12.05 17:12:01 158 ms]:[INFO]:[EditorSystem]: delete node entity name: NodeComponents E id: 100
[2024.12.05 17:12:03 200 ms]:[INFO]:[EditorSystem]: create node entity name: NodeComponents B id: 106
[2024.12.05 17:12:06 134 ms]:[INFO]:[EditorSystem]: create connect line id: 113
[2024.12.05 17:12:07 932 ms]:[INFO]:[EditorSystem]: create connect line id: 114
[2024.12.05 17:12:12 819 ms]:[INFO]:[EditorSystem]: create connect line id: 115
[2024.12.05 17:12:30 061 ms]:[INFO]:[EditorSystem]: save nodes project file: PSAGameNodesResource/SystemSave/TestProject.pnodes
[2024.12.05 17:12:30 061 ms]:[INFO]:[EditorSystem]: save nodes project total time(ms): 20.218000
[2024.12.05 17:12:30 062 ms]:[INFO]:[EditorSystem]: read editor system files: 1 folder: PSAGameNodesResource/SystemSave/
[2024.12.05 17:12:34 012 ms]:[INFO]:[EditorSystem]: delete total nodes dataset.
[2024.12.05 17:12:37 312 ms]:[INFO]:[EditorSystem]: create connect line id: 116
[2024.12.05 17:12:37 312 ms]:[INFO]:[EditorSystem]: create connect line id: 117
[2024.12.05 17:12:37 314 ms]:[INFO]:[EditorSystem]: create connect line id: 118
[2024.12.05 17:12:37 314 ms]:[INFO]:[EditorSystem]: create connect line id: 119
[2024.12.05 17:12:37 314 ms]:[INFO]:[EditorSystem]: create connect line id: 120
[2024.12.05 17:12:37 314 ms]:[INFO]:[EditorSystem]: create connect line id: 121
[2024.12.05 17:12:37 315 ms]:[INFO]:[EditorSystem]: create connect line id: 122
[2024.12.05 17:12:37 315 ms]:[INFO]:[EditorSystem]: create connect line id: 123
[2024.12.05 17:12:37 315 ms]:[INFO]:[EditorSystem]: create connect line id: 124
[2024.12.05 17:12:37 315 ms]:[INFO]:[EditorSystem]: create connect line id: 125
[2024.12.05 17:12:37 316 ms]:[INFO]:[EditorSystem]: create connect line id: 126
[2024.12.05 17:12:37 316 ms]:[INFO]:[EditorSystem]: create connect line id: 127
[2024.12.05 17:12:37 316 ms]:[INFO]:[EditorSystem]: create connect line id: 128
[2024.12.05 17:12:37 316 ms]:[INFO]:[EditorSystem]: create connect line id: 129
[2024.12.05 17:12:37 316 ms]:[INFO]:[EditorSystem]: nodes project encode duccess.
[2024.12.05 17:12:40 646 ms]:[INFO]:[SystemRenderer]: nodes_system renderer(context) free.
