[2024.12.05 21:24:30 602 ms]:[INFO]:[PSAG_LOGGER]: start thread success.
[2024.12.05 21:24:30 603 ms]:[INFO]:[PSAG_LOGGER]: create log_file: PSAGameNodesResource/SystemLog/1854811413186.log
[2024.12.05 21:24:30 845 ms]:[INFO]:[SystemRenderer]: nodes_system renderer(context) init.
[2024.12.05 21:24:30 845 ms]:[INFO]:[EditorSystem]: set nodes system folder: PSAGameNodesResource/SystemNodes/
[2024.12.05 21:24:30 850 ms]:[INFO]:[EditorSystem]: system read file: PSAGameNodesResource/SystemNodes/nodes_editor_config.json
[2024.12.05 21:24:30 850 ms]:[INFO]:[EditorSystem]: read editor system files: 2 folder: PSAGameNodesResource/SystemSave/
[2024.12.05 21:24:30 854 ms]:[INFO]:[EditorSystem]: system read file: PSAGameNodesResource/SystemNodes/types_point_conifg.json
[2024.12.05 21:24:30 855 ms]:[INFO]:[EditorSystem]: system points type_alloc k: Int32 v: 2
[2024.12.05 21:24:30 855 ms]:[INFO]:[EditorSystem]: system points type_alloc k: uInt32 v: 3
[2024.12.05 21:24:30 855 ms]:[INFO]:[EditorSystem]: system points type_alloc k: Int64 v: 4
[2024.12.05 21:24:30 855 ms]:[INFO]:[EditorSystem]: system points type_alloc k: uInt64 v: 5
[2024.12.05 21:24:30 855 ms]:[INFO]:[EditorSystem]: system points type_alloc k: Float v: 6
[2024.12.05 21:24:30 856 ms]:[INFO]:[EditorSystem]: system points type_alloc k: Double v: 7
[2024.12.05 21:24:30 856 ms]:[INFO]:[EditorSystem]: system points type_alloc k: Byte v: 8
[2024.12.05 21:24:30 860 ms]:[INFO]:[EditorSystem]: system read file: PSAGameNodesResource/SystemNodes/types_node_conifg.json
[2024.12.05 21:24:30 860 ms]:[INFO]:[EditorSystem]: system nodes type_alloc k: TestNodeA v: 2
[2024.12.05 21:24:30 860 ms]:[INFO]:[EditorSystem]: system nodes type_alloc k: TestNodeB v: 3
[2024.12.05 21:24:30 860 ms]:[INFO]:[EditorSystem]: system nodes type_alloc k: TestNodeC v: 4
[2024.12.05 21:24:30 860 ms]:[INFO]:[EditorSystem]: system nodes type_alloc k: TestNodeD v: 5
[2024.12.05 21:24:30 860 ms]:[INFO]:[EditorSystem]: system nodes type_alloc k: TestNodeE v: 6
[2024.12.05 21:24:30 860 ms]:[INFO]:[EditorSystem]: system nodes type_alloc k: TestNodeF v: 7
[2024.12.05 21:24:30 860 ms]:[INFO]:[EditorSystem]: system nodes type_alloc k: NodeInput v: 8
[2024.12.05 21:24:30 861 ms]:[INFO]:[EditorSystem]: system nodes type_alloc k: NodeOutput v: 9
[2024.12.05 21:24:30 865 ms]:[INFO]:[EditorSystem]: system read file: PSAGameNodesResource/SystemNodes/nodes_attribute_config.json
[2024.12.05 21:24:30 865 ms]:[INFO]:[EditorSystem]: add node template config, params name: TestNodeA
[2024.12.05 21:24:30 865 ms]:[INFO]:[EditorSystem]: add node template config, params name: TestNodeB
[2024.12.05 21:24:30 865 ms]:[INFO]:[EditorSystem]: add node template config, params name: TestNodeC
[2024.12.05 21:24:30 865 ms]:[INFO]:[EditorSystem]: add node template config, params name: TestNodeD
[2024.12.05 21:24:30 866 ms]:[INFO]:[EditorSystem]: add node template config, params name: TestNodeE
[2024.12.05 21:24:30 866 ms]:[INFO]:[EditorSystem]: add node template config, params name: TestNodeF
[2024.12.05 21:24:30 867 ms]:[INFO]:[EditorSystem]: add node template config, params name: NodeInput
[2024.12.05 21:24:30 867 ms]:[INFO]:[EditorSystem]: add node template config, params name: NodeOutput
[2024.12.05 21:24:30 867 ms]:[INFO]:[EditorSystem]: nodes editor system init.
[2024.12.05 21:24:30 867 ms]:[INFO]:[SystemRenderer]: run_event object init.
[2024.12.05 21:24:30 867 ms]:[INFO]:[SystemRenderer]: nodes_system start render_loop.
[2024.12.05 21:24:32 869 ms]:[INFO]:[EditorSystem]: create node entity name: NodeComponents A id: 2
[2024.12.05 21:24:34 293 ms]:[INFO]:[EditorSystem]: create node entity name: NodeComponents B id: 9
[2024.12.05 21:24:37 920 ms]:[INFO]:[EditorSystem]: create node entity name: NodeComponents C id: 16
[2024.12.05 21:25:01 143 ms]:[INFO]:[SystemRenderer]: nodes_system renderer(context) free.
